2024-04-03 02:54:17.539 [info] Starting TS Server
2024-04-03 02:54:17.539 [info] Using tsserver from: /usr/share/code/resources/app/extensions/node_modules/typescript/lib/tsserver.js
2024-04-03 02:54:17.539 [info] <syntax> Forking...
2024-04-03 02:54:17.539 [info] <syntax> Starting...
2024-04-03 02:54:17.539 [info] <semantic> Forking...
2024-04-03 02:54:17.539 [info] <semantic> Starting...
2024-04-03 12:17:04.925 [info] Killing TS Server
2024-04-03 12:17:05.079 [error] TSServer exited. Code: null. Signal: SIGTERM
2024-04-03 12:17:05.080 [info] Starting TS Server
2024-04-03 12:17:05.080 [info] Using tsserver from: /usr/share/code/resources/app/extensions/node_modules/typescript/lib/tsserver.js
2024-04-03 12:17:05.080 [info] <syntax> Forking...
2024-04-03 12:17:05.080 [info] <syntax> Starting...
2024-04-03 12:17:05.080 [info] <semantic> Forking...
2024-04-03 12:17:05.080 [info] <semantic> Starting...
2024-04-04 01:40:34.103 [info] Killing TS Server
2024-04-04 01:40:34.272 [error] TSServer exited. Code: null. Signal: SIGTERM
2024-04-04 01:40:34.272 [info] Starting TS Server
2024-04-04 01:40:34.272 [info] Using tsserver from: /usr/share/code/resources/app/extensions/node_modules/typescript/lib/tsserver.js
2024-04-04 01:40:34.272 [info] <syntax> Forking...
2024-04-04 01:40:34.272 [info] <syntax> Starting...
2024-04-04 01:40:34.272 [info] <semantic> Forking...
2024-04-04 01:40:34.272 [info] <semantic> Starting...
