2024-03-31 22:47:12.268 [info] Added views:workbench.panel.markers.view in workbench.panel.markers
2024-03-31 22:47:12.268 [info] Added views:workbench.panel.output in workbench.panel.output
2024-03-31 22:47:12.268 [info] Added views:terminal in terminal
2024-03-31 22:47:12.268 [info] Added views:outline in workbench.view.explorer
2024-03-31 22:47:12.268 [info] Added views:workbench.scm in workbench.view.scm
2024-03-31 22:47:12.268 [info] Added views:workbench.view.search in workbench.view.search
2024-03-31 22:47:12.268 [info] Added views:timeline in workbench.view.explorer
2024-03-31 22:47:12.268 [info] Added views:workbench.explorer.emptyView in workbench.view.explorer
2024-03-31 22:47:13.325 [info] Added views:workbench.debug.variablesView,workbench.debug.watchExpressionsView,workbench.debug.callStackView,workbench.debug.breakPointsView in workbench.view.debug
2024-03-31 22:47:13.378 [info] Added views:workbench.panel.repl.view in workbench.panel.repl
2024-03-31 22:47:13.381 [info] Removed views:workbench.debug.breakPointsView,workbench.debug.callStackView,workbench.debug.watchExpressionsView,workbench.debug.variablesView from workbench.view.debug
2024-03-31 22:47:13.382 [info] Added views:workbench.debug.welcome in workbench.view.debug
2024-03-31 22:47:13.537 [info] Added views:~remote.forwardedPorts in ~remote.forwardedPortsContainer
2024-03-31 22:47:33.526 [info] Added views:workbench.panel.markers.view in workbench.panel.markers
2024-03-31 22:47:33.526 [info] Added views:workbench.panel.output in workbench.panel.output
2024-03-31 22:47:33.526 [info] Added views:terminal in terminal
2024-03-31 22:47:33.526 [info] Added views:outline in workbench.view.explorer
2024-03-31 22:47:33.526 [info] Added views:workbench.scm in workbench.view.scm
2024-03-31 22:47:33.526 [info] Added views:workbench.view.search in workbench.view.search
2024-03-31 22:47:33.526 [info] Added views:timeline in workbench.view.explorer
2024-03-31 22:47:33.526 [info] Added views:workbench.explorer.fileView in workbench.view.explorer
2024-03-31 22:47:34.038 [info] Added views:workbench.debug.variablesView,workbench.debug.watchExpressionsView,workbench.debug.callStackView,workbench.debug.breakPointsView in workbench.view.debug
2024-03-31 22:47:34.253 [info] Added views:~remote.forwardedPorts in ~remote.forwardedPortsContainer
2024-03-31 22:47:34.695 [info] Added views:workbench.panel.repl.view in workbench.panel.repl
2024-03-31 22:47:34.700 [info] Removed views:workbench.debug.breakPointsView,workbench.debug.callStackView,workbench.debug.watchExpressionsView,workbench.debug.variablesView from workbench.view.debug
2024-03-31 22:47:34.701 [info] Added views:workbench.debug.welcome in workbench.view.debug
