Vetur initialized
[INFO ] Loaded bundled typescript@4.9.5.
[INFO ] Loaded bundled prettier.
[INFO ] Loaded bundled @starptech/prettyhtml.
[INFO ] Loaded bundled prettier-eslint.
[INFO ] Loaded bundled prettier-tslint.
[INFO ] Loaded bundled stylus-supremacy.
[INFO ] Loaded bundled @prettier/plugin-pug.
[Error - 4:00:58 AM] Error: Cannot find module 'vue/package.json'
Require stack:
- /root/.vscode/extensions/octref.vetur-0.37.3/server/dist/vls.js
- /root/.vscode/extensions/octref.vetur-0.37.3/server/dist/vueServerMain.js
    at Module._resolveFilename (node:internal/modules/cjs/loader:1084:15)
    at Function.resolve (node:internal/modules/cjs/helpers:125:19)
    at inferVueVersion (/root/.vscode/extensions/octref.vetur-0.37.3/server/dist/vls.js:667:3335)
    at _T.warnProjectIfNeed (/root/.vscode/extensions/octref.vetur-0.37.3/server/dist/vls.js:896:9301)
    at _T.getProjectService (/root/.vscode/extensions/octref.vetur-0.37.3/server/dist/vls.js:896:10769)
    at async _T.doValidate (/root/.vscode/extensions/octref.vetur-0.37.3/server/dist/vls.js:896:18216)
    at async _T.validateTextDocument (/root/.vscode/extensions/octref.vetur-0.37.3/server/dist/vls.js:896:18090)
[Error - 4:00:58 AM] Error: Cannot find module 'vue/package.json'
Require stack:
- /root/.vscode/extensions/octref.vetur-0.37.3/server/dist/vls.js
- /root/.vscode/extensions/octref.vetur-0.37.3/server/dist/vueServerMain.js
    at Module._resolveFilename (node:internal/modules/cjs/loader:1084:15)
    at Function.resolve (node:internal/modules/cjs/helpers:125:19)
    at inferVueVersion (/root/.vscode/extensions/octref.vetur-0.37.3/server/dist/vls.js:667:3335)
    at Object.getVueVersion (/root/.vscode/extensions/octref.vetur-0.37.3/server/dist/vls.js:895:3207)
    at getServiceHost (/root/.vscode/extensions/octref.vetur-0.37.3/server/dist/vls.js:888:568)
    at hb.init (/root/.vscode/extensions/octref.vetur-0.37.3/server/dist/vls.js:895:1259)
    at createProjectService (/root/.vscode/extensions/octref.vetur-0.37.3/server/dist/vls.js:895:8486)
    at _T.getProjectService (/root/.vscode/extensions/octref.vetur-0.37.3/server/dist/vls.js:896:10802)
    at async _T.doValidate (/root/.vscode/extensions/octref.vetur-0.37.3/server/dist/vls.js:896:18216)
    at async _T.validateTextDocument (/root/.vscode/extensions/octref.vetur-0.37.3/server/dist/vls.js:896:18090)
[Error - 4:00:58 AM] Error: Cannot find module 'vue/package.json'
Require stack:
- /root/.vscode/extensions/octref.vetur-0.37.3/server/dist/vls.js
- /root/.vscode/extensions/octref.vetur-0.37.3/server/dist/vueServerMain.js
    at Module._resolveFilename (node:internal/modules/cjs/loader:1084:15)
    at Function.resolve (node:internal/modules/cjs/helpers:125:19)
    at inferVueVersion (/root/.vscode/extensions/octref.vetur-0.37.3/server/dist/vls.js:667:3335)
    at Object.getVueVersion (/root/.vscode/extensions/octref.vetur-0.37.3/server/dist/vls.js:895:3207)
    at F (/root/.vscode/extensions/octref.vetur-0.37.3/server/dist/vls.js:888:781)
    at getServiceHost (/root/.vscode/extensions/octref.vetur-0.37.3/server/dist/vls.js:888:655)
    at hb.init (/root/.vscode/extensions/octref.vetur-0.37.3/server/dist/vls.js:895:1259)
    at createProjectService (/root/.vscode/extensions/octref.vetur-0.37.3/server/dist/vls.js:895:8486)
    at _T.getProjectService (/root/.vscode/extensions/octref.vetur-0.37.3/server/dist/vls.js:896:10802)
    at async _T.doValidate (/root/.vscode/extensions/octref.vetur-0.37.3/server/dist/vls.js:896:18216)
[Error - 4:01:00 AM] Error: Cannot find module 'vue/package.json'
Require stack:
- /root/.vscode/extensions/octref.vetur-0.37.3/server/dist/vls.js
- /root/.vscode/extensions/octref.vetur-0.37.3/server/dist/vueServerMain.js
    at Module._resolveFilename (node:internal/modules/cjs/loader:1084:15)
    at Function.resolve (node:internal/modules/cjs/helpers:125:19)
    at inferVueVersion (/root/.vscode/extensions/octref.vetur-0.37.3/server/dist/vls.js:667:3335)
    at Object.getVueVersion (/root/.vscode/extensions/octref.vetur-0.37.3/server/dist/vls.js:895:3207)
    at new HTMLMode (/root/.vscode/extensions/octref.vetur-0.37.3/server/dist/vls.js:757:1636)
    at new VueHTMLMode (/root/.vscode/extensions/octref.vetur-0.37.3/server/dist/vls.js:767:3668)
    at hb.init (/root/.vscode/extensions/octref.vetur-0.37.3/server/dist/vls.js:895:1457)
    at createProjectService (/root/.vscode/extensions/octref.vetur-0.37.3/server/dist/vls.js:895:8486)
    at _T.getProjectService (/root/.vscode/extensions/octref.vetur-0.37.3/server/dist/vls.js:896:10802)
    at async _T.doValidate (/root/.vscode/extensions/octref.vetur-0.37.3/server/dist/vls.js:896:18216)
DeprecationWarning: 'createIdentifier' has been deprecated since v4.0.0. Use the appropriate method on 'ts.factory' or the 'factory' supplied by your transformation context instead.
DeprecationWarning: 'createImportClause' has been deprecated since v4.0.0. Use the appropriate method on 'ts.factory' or the 'factory' supplied by your transformation context instead.
DeprecationWarning: 'createLiteral' has been deprecated since v4.0.0. Use `factory.createStringLiteral`, `factory.createStringLiteralFromNode`, `factory.createNumericLiteral`, `factory.createBigIntLiteral`, `factory.createTrue`, `factory.createFalse`, or the factory supplied by your transformation context instead.
DeprecationWarning: 'createImportDeclaration' has been deprecated since v4.8.0. Decorators are no longer supported for this function. Callers should switch to an overload that does not accept a 'decorators' parameter.
DeprecationWarning: 'createCallExpression' has been deprecated since v4.0.0. Use the appropriate method on 'ts.factory' or the 'factory' supplied by your transformation context instead.
DeprecationWarning: 'createObjectLiteralExpression' has been deprecated since v4.0.0. Use the appropriate method on 'ts.factory' or the 'factory' supplied by your transformation context instead.
