2024-05-03 04:00:59.118 [error] [uncaught exception in sharedProcess]: Channel name 'extensionRecommendationNotification' timed out after 1000ms
2024-05-03 04:01:21.505 [info] Getting Manifest... ms-vscode-remote.remote-containers
2024-05-03 04:01:21.505 [info] Getting Manifest... ms-azuretools.vscode-docker
2024-05-03 04:01:21.528 [info] Installing extension: ms-vscode-remote.remote-containers
2024-05-03 04:01:21.528 [info] Installing extension: ms-azuretools.vscode-docker
2024-05-03 04:01:29.284 [info] Extension signature verification result for ms-azuretools.vscode-docker: Success. Duration: 3702ms.
2024-05-03 04:01:29.537 [info] Getting Manifest... ms-kubernetes-tools.vscode-kubernetes-tools
2024-05-03 04:01:29.560 [info] Installing extension: ms-kubernetes-tools.vscode-kubernetes-tools
2024-05-03 04:01:29.838 [info] Extension signature verification result for ms-vscode-remote.remote-containers: Success. Duration: 4343ms.
2024-05-03 04:01:30.007 [info] Extracted extension to file:///root/.vscode/extensions/ms-azuretools.vscode-docker-1.29.1: ms-azuretools.vscode-docker
2024-05-03 04:01:30.029 [info] Renamed to /root/.vscode/extensions/ms-azuretools.vscode-docker-1.29.1
2024-05-03 04:01:30.045 [info] Extracting extension completed. ms-azuretools.vscode-docker
2024-05-03 04:01:30.157 [error] [uncaught exception in sharedProcess]: Error: ENOENT: no such file or directory, stat '/root/.vscode/extensions/extensions.json.vsctmp': EntryNotFound (FileSystemError): Error: ENOENT: no such file or directory, stat '/root/.vscode/extensions/extensions.json.vsctmp'
    at a.create (/usr/share/code/resources/app/out/vs/code/node/sharedProcess/sharedProcessMain.js:53:30019)
    at b (/usr/share/code/resources/app/out/vs/code/node/sharedProcess/sharedProcessMain.js:53:30130)
    at t.hb (/usr/share/code/resources/app/out/vs/code/node/sharedProcess/sharedProcessMain.js:58:36600)
    at t.stat (/usr/share/code/resources/app/out/vs/code/node/sharedProcess/sharedProcessMain.js:58:29040)
    at async $.stat (/usr/share/code/resources/app/out/vs/code/node/sharedProcess/sharedProcessMain.js:58:16186)
    at async J.sb (/usr/share/code/resources/app/out/vs/code/node/sharedProcess/sharedProcessMain.js:104:109501)
2024-05-03 04:01:30.207 [info] Getting Manifest... redhat.vscode-yaml
2024-05-03 04:01:30.680 [info] Installing extension: redhat.vscode-yaml
2024-05-03 04:01:31.934 [info] Extracted extension to file:///root/.vscode/extensions/ms-vscode-remote.remote-containers-0.362.0: ms-vscode-remote.remote-containers
2024-05-03 04:01:31.945 [info] Renamed to /root/.vscode/extensions/ms-vscode-remote.remote-containers-0.362.0
2024-05-03 04:01:31.953 [info] Extracting extension completed. ms-vscode-remote.remote-containers
2024-05-03 04:01:32.006 [info] Extension installed successfully: ms-azuretools.vscode-docker
2024-05-03 04:01:32.006 [info] Extension installed successfully: ms-vscode-remote.remote-containers
2024-05-03 04:01:32.060 [error] [uncaught exception in sharedProcess]: Error: ENOENT: no such file or directory, stat '/root/.vscode/extensions/extensions.json.vsctmp': EntryNotFound (FileSystemError): Error: ENOENT: no such file or directory, stat '/root/.vscode/extensions/extensions.json.vsctmp'
    at a.create (/usr/share/code/resources/app/out/vs/code/node/sharedProcess/sharedProcessMain.js:53:30019)
    at b (/usr/share/code/resources/app/out/vs/code/node/sharedProcess/sharedProcessMain.js:53:30130)
    at t.hb (/usr/share/code/resources/app/out/vs/code/node/sharedProcess/sharedProcessMain.js:58:36600)
    at t.stat (/usr/share/code/resources/app/out/vs/code/node/sharedProcess/sharedProcessMain.js:58:29040)
    at async $.stat (/usr/share/code/resources/app/out/vs/code/node/sharedProcess/sharedProcessMain.js:58:16186)
    at async J.sb (/usr/share/code/resources/app/out/vs/code/node/sharedProcess/sharedProcessMain.js:104:109501)
2024-05-03 04:01:36.729 [info] Extension signature verification result for ms-kubernetes-tools.vscode-kubernetes-tools: Success. Duration: 2504ms.
2024-05-03 04:01:36.750 [info] Extension signature verification result for redhat.vscode-yaml: Success. Duration: 2460ms.
2024-05-03 04:01:37.082 [info] Extracted extension to file:///root/.vscode/extensions/redhat.vscode-yaml-1.14.0: redhat.vscode-yaml
2024-05-03 04:01:37.098 [info] Renamed to /root/.vscode/extensions/redhat.vscode-yaml-1.14.0
2024-05-03 04:01:37.106 [info] Extracting extension completed. redhat.vscode-yaml
2024-05-03 04:01:37.205 [error] [uncaught exception in sharedProcess]: Error: ENOENT: no such file or directory, stat '/root/.vscode/extensions/extensions.json.vsctmp': EntryNotFound (FileSystemError): Error: ENOENT: no such file or directory, stat '/root/.vscode/extensions/extensions.json.vsctmp'
    at a.create (/usr/share/code/resources/app/out/vs/code/node/sharedProcess/sharedProcessMain.js:53:30019)
    at b (/usr/share/code/resources/app/out/vs/code/node/sharedProcess/sharedProcessMain.js:53:30130)
    at t.hb (/usr/share/code/resources/app/out/vs/code/node/sharedProcess/sharedProcessMain.js:58:36600)
    at t.stat (/usr/share/code/resources/app/out/vs/code/node/sharedProcess/sharedProcessMain.js:58:29040)
    at async $.stat (/usr/share/code/resources/app/out/vs/code/node/sharedProcess/sharedProcessMain.js:58:16186)
    at async J.sb (/usr/share/code/resources/app/out/vs/code/node/sharedProcess/sharedProcessMain.js:104:109501)
2024-05-03 04:01:37.306 [info] Extracted extension to file:///root/.vscode/extensions/ms-kubernetes-tools.vscode-kubernetes-tools-1.3.16: ms-kubernetes-tools.vscode-kubernetes-tools
2024-05-03 04:01:37.334 [info] Renamed to /root/.vscode/extensions/ms-kubernetes-tools.vscode-kubernetes-tools-1.3.16
2024-05-03 04:01:37.358 [info] Extracting extension completed. ms-kubernetes-tools.vscode-kubernetes-tools
2024-05-03 04:01:37.402 [info] Extension installed successfully: redhat.vscode-yaml
2024-05-03 04:01:37.405 [info] Extension installed successfully: ms-kubernetes-tools.vscode-kubernetes-tools
2024-05-03 04:01:37.461 [error] [uncaught exception in sharedProcess]: Error: ENOENT: no such file or directory, stat '/root/.vscode/extensions/extensions.json.vsctmp': EntryNotFound (FileSystemError): Error: ENOENT: no such file or directory, stat '/root/.vscode/extensions/extensions.json.vsctmp'
    at a.create (/usr/share/code/resources/app/out/vs/code/node/sharedProcess/sharedProcessMain.js:53:30019)
    at b (/usr/share/code/resources/app/out/vs/code/node/sharedProcess/sharedProcessMain.js:53:30130)
    at t.hb (/usr/share/code/resources/app/out/vs/code/node/sharedProcess/sharedProcessMain.js:58:36600)
    at t.stat (/usr/share/code/resources/app/out/vs/code/node/sharedProcess/sharedProcessMain.js:58:29040)
    at async $.stat (/usr/share/code/resources/app/out/vs/code/node/sharedProcess/sharedProcessMain.js:58:16186)
    at async J.sb (/usr/share/code/resources/app/out/vs/code/node/sharedProcess/sharedProcessMain.js:104:109501)
2024-05-03 04:16:59.961 [error] [uncaught exception in sharedProcess]: Error: ENOENT: no such file or directory, stat '/root/.vscode/extensions/extensions.json.vsctmp': EntryNotFound (FileSystemError): Error: ENOENT: no such file or directory, stat '/root/.vscode/extensions/extensions.json.vsctmp'
    at a.create (/usr/share/code/resources/app/out/vs/code/node/sharedProcess/sharedProcessMain.js:53:30019)
    at b (/usr/share/code/resources/app/out/vs/code/node/sharedProcess/sharedProcessMain.js:53:30130)
    at t.hb (/usr/share/code/resources/app/out/vs/code/node/sharedProcess/sharedProcessMain.js:58:36600)
    at t.stat (/usr/share/code/resources/app/out/vs/code/node/sharedProcess/sharedProcessMain.js:58:29040)
    at async $.stat (/usr/share/code/resources/app/out/vs/code/node/sharedProcess/sharedProcessMain.js:58:16186)
    at async J.sb (/usr/share/code/resources/app/out/vs/code/node/sharedProcess/sharedProcessMain.js:104:109501)
2024-05-03 04:17:00.026 [info] Extensions added from another source ms-edgedevtools.vscode-edge-devtools vscode-userdata:/root/.vscode/extensions/extensions.json
