2024-05-03 04:00:58.484 [info] Log level: Info
2024-05-03 04:00:58.484 [info] Validating found git in: "git"
2024-05-03 04:00:58.484 [info] Using git "2.44.0" from "git"
2024-05-03 04:00:58.484 [info] > git rev-parse --show-toplevel [84ms]
2024-05-03 04:00:58.484 [info] > git rev-parse --git-dir --git-common-dir [17ms]
2024-05-03 04:00:58.484 [info] Open repository: /home/pato-devops/DISIWebProject
2024-05-03 04:00:58.484 [info] > git rev-parse --show-toplevel [39ms]
2024-05-03 04:00:58.484 [info] > git config --get commit.template [53ms]
2024-05-03 04:00:58.499 [info] > git rev-parse --show-toplevel [44ms]
2024-05-03 04:00:58.517 [info] > git for-each-ref --format=%(refname)%00%(upstream:short)%00%(objectname)%00%(upstream:track)%00%(upstream:remotename)%00%(upstream:remoteref) refs/heads/main refs/remotes/main [24ms]
2024-05-03 04:00:58.520 [info] > git rev-parse --show-toplevel [4ms]
2024-05-03 04:00:58.540 [info] > git rev-parse --show-toplevel [3ms]
2024-05-03 04:00:58.569 [info] > git rev-parse --show-toplevel [4ms]
2024-05-03 04:00:58.619 [info] > git rev-parse --show-toplevel [40ms]
2024-05-03 04:00:58.631 [info] > git rev-parse --show-toplevel [3ms]
2024-05-03 04:00:58.644 [info] > git rev-parse --show-toplevel [3ms]
2024-05-03 04:00:58.659 [info] > git rev-parse --show-toplevel [3ms]
2024-05-03 04:00:58.670 [info] > git rev-parse --show-toplevel [2ms]
2024-05-03 04:00:58.685 [info] > git rev-parse --show-toplevel [4ms]
2024-05-03 04:00:58.700 [info] > git rev-parse --show-toplevel [3ms]
2024-05-03 04:00:58.717 [info] > git rev-parse --show-toplevel [3ms]
2024-05-03 04:00:58.729 [info] > git rev-parse --show-toplevel [4ms]
2024-05-03 04:00:58.747 [info] > git rev-parse --show-toplevel [7ms]
2024-05-03 04:00:58.911 [info] > git status -z -uall [359ms]
2024-05-03 04:00:58.964 [info] > git merge-base refs/heads/main refs/remotes/origin/main [40ms]
2024-05-03 04:00:58.974 [info] > git rev-parse --show-toplevel [64ms]
2024-05-03 04:00:58.992 [info] > git rev-list --count --left-right refs/heads/main...refs/remotes/origin/main [19ms]
2024-05-03 04:00:59.005 [info] > git config --get commit.template [41ms]
2024-05-03 04:00:59.007 [info] > git rev-parse --show-toplevel [16ms]
2024-05-03 04:00:59.030 [info] > git diff --name-status -z --diff-filter=ADMR 34b185600931fc93c562d0d4dc2d7c51441f70e4...refs/remotes/origin/main [26ms]
2024-05-03 04:00:59.090 [info] > git rev-parse --show-toplevel [62ms]
2024-05-03 04:00:59.090 [info] > git for-each-ref --format=%(refname)%00%(upstream:short)%00%(objectname)%00%(upstream:track)%00%(upstream:remotename)%00%(upstream:remoteref) refs/heads/main refs/remotes/main [74ms]
2024-05-03 04:00:59.202 [info] > git rev-parse --show-toplevel [92ms]
2024-05-03 04:00:59.267 [info] > git rev-parse --show-toplevel [21ms]
2024-05-03 04:00:59.289 [info] > git rev-parse --show-toplevel [4ms]
2024-05-03 04:00:59.309 [info] > git rev-parse --show-toplevel [5ms]
2024-05-03 04:00:59.653 [info] > git status -z -uall [388ms]
2024-05-03 04:00:59.719 [info] > git check-ignore -v -z --stdin [99ms]
2024-05-03 04:01:01.218 [info] > git log --format=%H%n%aN%n%aE%n%at%n%ct%n%P%n%D%n%B -z -n120 --follow -- /home/pato-devops/DISIWebProject/disiweb/src/views/AdminPage.vue [1791ms]
2024-05-03 04:01:02.194 [info] > git log --format=%H%n%aN%n%aE%n%at%n%ct%n%P%n%D%n%B -z -n239 --follow -- /home/pato-devops/DISIWebProject/disiweb/src/views/AdminPage.vue [1802ms]
2024-05-03 04:01:06.360 [info] > git show --textconv :disiweb/src/views/AchievementAdmin.vue [23ms]
2024-05-03 04:01:06.366 [info] > git ls-files --stage -- /home/pato-devops/DISIWebProject/disiweb/src/views/AchievementAdmin.vue [15ms]
2024-05-03 04:01:06.379 [info] > git cat-file -s e35998912ad5c699a2b8b24d629e9eeda8388e40 [4ms]
