2024-04-02 00:35:34.360 [info] Revived process, old id 632070e780ff69e81c41f250213941fd-1 -> new id 1
2024-04-02 00:35:34.360 [info] Revived process, old id 632070e780ff69e81c41f250213941fd-2 -> new id 2
2024-04-02 00:35:34.360 [info] Revived process, old id 632070e780ff69e81c41f250213941fd-3 -> new id 3
2024-04-02 00:35:34.360 [info] Revived process, old id 632070e780ff69e81c41f250213941fd-4 -> new id 4
2024-04-02 00:35:34.566 [info] Expanding terminal instance, old id 632070e780ff69e81c41f250213941fd-1 -> new id 1
2024-04-02 00:35:34.566 [info] Expanding terminal instance, old id 632070e780ff69e81c41f250213941fd-2 -> new id 2
2024-04-02 00:35:34.566 [info] Expanding terminal instance, old id 632070e780ff69e81c41f250213941fd-3 -> new id 3
2024-04-02 00:35:34.566 [info] Expanding terminal instance, old id 632070e780ff69e81c41f250213941fd-4 -> new id 4
2024-04-02 00:35:34.566 [info] Expanding terminal instance, old id 632070e780ff69e81c41f250213941fd-5 -> new id undefined
2024-04-02 00:35:34.566 [warning] Couldn't get layout info, a terminal was probably disconnected Could not find pty on pty host
2024-04-02 00:35:34.566 [info] Expanding terminal instance, old id 632070e780ff69e81c41f250213941fd-6 -> new id undefined
2024-04-02 00:35:34.566 [warning] Couldn't get layout info, a terminal was probably disconnected Could not find pty on pty host
2024-04-02 00:35:34.566 [info] Expanding terminal instance, old id 632070e780ff69e81c41f250213941fd-7 -> new id undefined
2024-04-02 00:35:34.566 [warning] Couldn't get layout info, a terminal was probably disconnected Could not find pty on pty host
2024-04-02 00:35:34.893 [warning] Persistent process "1": Process had no disconnect runners but was an orphan
2024-04-02 00:35:34.894 [info] Persistent process reconnection "1"
2024-04-02 00:35:34.894 [warning] Persistent process "2": Process had no disconnect runners but was an orphan
2024-04-02 00:35:34.894 [info] Persistent process reconnection "2"
2024-04-02 00:35:34.895 [warning] Persistent process "3": Process had no disconnect runners but was an orphan
2024-04-02 00:35:34.895 [info] Persistent process reconnection "3"
2024-04-02 00:35:34.895 [warning] Persistent process "4": Process had no disconnect runners but was an orphan
2024-04-02 00:35:34.895 [info] Persistent process reconnection "4"
2024-04-02 00:35:34.929 [info] Persistent process "1": Replaying 5100 chars and 1 size events
2024-04-02 00:35:34.952 [info] Persistent process "2": Replaying 7244 chars and 1 size events
2024-04-02 00:35:34.980 [info] Persistent process "3": Replaying 4952 chars and 1 size events
2024-04-02 00:35:34.995 [info] Persistent process "4": Replaying 6763 chars and 1 size events
