2024-04-03 02:41:12.099 [info] Revived process, old id 632070e780ff69e81c41f250213941fd-1 -> new id 1
2024-04-03 02:41:12.099 [info] Revived process, old id 632070e780ff69e81c41f250213941fd-2 -> new id 2
2024-04-03 02:41:12.100 [info] Revived process, old id 632070e780ff69e81c41f250213941fd-3 -> new id 3
2024-04-03 02:41:12.100 [info] Revived process, old id 632070e780ff69e81c41f250213941fd-4 -> new id 4
2024-04-03 02:41:12.100 [info] Revived process, old id 632070e780ff69e81c41f250213941fd-5 -> new id 5
2024-04-03 02:41:12.100 [info] Revived process, old id 632070e780ff69e81c41f250213941fd-6 -> new id 6
2024-04-03 02:41:12.650 [info] Expanding terminal instance, old id 632070e780ff69e81c41f250213941fd-1 -> new id 1
2024-04-03 02:41:12.651 [info] Expanding terminal instance, old id 632070e780ff69e81c41f250213941fd-2 -> new id 2
2024-04-03 02:41:12.651 [info] Expanding terminal instance, old id 632070e780ff69e81c41f250213941fd-3 -> new id 3
2024-04-03 02:41:12.651 [info] Expanding terminal instance, old id 632070e780ff69e81c41f250213941fd-4 -> new id 4
2024-04-03 02:41:12.651 [info] Expanding terminal instance, old id 632070e780ff69e81c41f250213941fd-5 -> new id 5
2024-04-03 02:41:12.651 [info] Expanding terminal instance, old id 632070e780ff69e81c41f250213941fd-6 -> new id 6
2024-04-03 02:41:12.921 [warning] Persistent process "1": Process had no disconnect runners but was an orphan
2024-04-03 02:41:12.921 [info] Persistent process reconnection "1"
2024-04-03 02:41:12.921 [warning] Persistent process "2": Process had no disconnect runners but was an orphan
2024-04-03 02:41:12.921 [info] Persistent process reconnection "2"
2024-04-03 02:41:12.922 [warning] Persistent process "3": Process had no disconnect runners but was an orphan
2024-04-03 02:41:12.922 [info] Persistent process reconnection "3"
2024-04-03 02:41:12.922 [warning] Persistent process "4": Process had no disconnect runners but was an orphan
2024-04-03 02:41:12.922 [info] Persistent process reconnection "4"
2024-04-03 02:41:12.922 [warning] Persistent process "5": Process had no disconnect runners but was an orphan
2024-04-03 02:41:12.922 [info] Persistent process reconnection "5"
2024-04-03 02:41:12.922 [warning] Persistent process "6": Process had no disconnect runners but was an orphan
2024-04-03 02:41:12.922 [info] Persistent process reconnection "6"
2024-04-03 02:41:12.963 [info] Persistent process "1": Replaying 5100 chars and 1 size events
2024-04-03 02:41:12.991 [info] Persistent process "2": Replaying 7244 chars and 1 size events
2024-04-03 02:41:13.012 [info] Persistent process "3": Replaying 4952 chars and 1 size events
2024-04-03 02:41:13.037 [info] Persistent process "4": Replaying 6882 chars and 1 size events
2024-04-03 02:41:13.095 [info] Persistent process "5": Replaying 6700 chars and 1 size events
2024-04-03 02:41:13.117 [info] Persistent process "6": Replaying 7684 chars and 1 size events
