2024-04-02 00:35:36.448 [info] Reading sessions from keychain...
2024-04-02 00:35:36.448 [info] Getting sessions for all scopes...
2024-04-02 00:35:36.448 [info] Got 0 sessions for ...
2024-04-02 00:35:36.448 [info] Getting sessions for read:user,repo,user:email,workflow...
2024-04-02 00:35:36.448 [info] Got 0 sessions for read:user,repo,user:email,workflow...
2024-04-02 00:35:37.677 [info] Getting sessions for all scopes...
2024-04-02 00:35:37.677 [info] Got 0 sessions for ...
2024-04-02 01:36:40.929 [info] Getting sessions for read:user,repo,user:email,workflow...
2024-04-02 01:36:40.929 [info] Got 0 sessions for read:user,repo,user:email,workflow...
2024-04-02 01:36:44.464 [info] Logging in for the following scopes: read:user repo user:email workflow
2024-04-02 01:36:44.472 [info] Trying without local server... (read:user repo user:email workflow)
2024-04-02 01:38:04.742 [error] User Cancelled
2024-04-02 01:38:10.401 [info] Trying with local server... (read:user repo user:email workflow)
2024-04-02 01:38:24.010 [error] User Cancelled
2024-04-02 01:38:25.580 [info] Trying device code flow... (read:user repo user:email workflow)
2024-04-02 01:38:57.602 [info] Getting user info...
2024-04-02 01:38:58.728 [info] Got account info!
2024-04-02 01:38:58.730 [info] Storing 1 sessions...
2024-04-02 01:38:58.757 [info] Reading sessions from keychain...
2024-04-02 01:38:58.757 [info] Stored 1 sessions!
2024-04-02 01:38:58.757 [info] Login success!
2024-04-02 01:38:58.765 [info] Got stored sessions!
2024-04-02 01:38:58.765 [info] Got 1 verified sessions.
2024-04-02 01:38:59.490 [info] Getting sessions for read:user,repo,user:email,workflow...
2024-04-02 01:38:59.490 [info] Got 1 sessions for read:user,repo,user:email,workflow...
